<?xml version="1.0" encoding="UTF-8"?>
<!-- Generated by org.testng.reporters.JUnitXMLReporter -->
<testsuite ignored="5" hostname="Bharath" failures="0" tests="1" name="Test1" time="0.12" errors="0" timestamp="2026-01-01T08:53:05 IST">
  <testcase classname="testng.framework.concepts.AppCommons" name="testCase1" time="0.019"/>
  <testcase classname="testng.framework.concepts.AppCommons" name="testCase2" time="0.0">
    <ignored/>
  </testcase> <!-- testCase2 -->
  <testcase classname="testng.framework.concepts.AppCommons" name="testCase4" time="0.0">
    <ignored/>
  </testcase> <!-- testCase4 -->
  <testcase classname="testng.framework.concepts.AppCommons" name="testCase3" time="0.0">
    <ignored/>
  </testcase> <!-- testCase3 -->
  <testcase classname="testng.framework.concepts.AppCommons" name="testCase6" time="0.0">
    <ignored/>
  </testcase> <!-- testCase6 -->
  <testcase classname="testng.framework.concepts.AppCommons" name="testCase5" time="0.0">
    <ignored/>
  </testcase> <!-- testCase5 -->
</testsuite> <!-- Test1 -->
