<?xml version="1.0" encoding="UTF-8"?>
<!-- Generated by org.testng.reporters.JUnitXMLReporter -->
<testsuite ignored="1" hostname="Bharath" failures="0" tests="3" name="Test" time="0.086" errors="0" timestamp="2025-12-31T08:57:13 IST">
  <testcase classname="testng.framework.concepts.AppCommons" name="testCase3" time="0.009"/>
  <testcase classname="testng.framework.concepts.AppCommons" name="testCase3" time="0.002"/>
  <testcase classname="testng.framework.concepts.AppCommons" name="testCase2" time="0.002"/>
  <testcase classname="testng.framework.concepts.AppCommons" name="testCase1" time="0.0">
    <ignored/>
  </testcase> <!-- testCase1 -->
</testsuite> <!-- Test -->
