<?xml version="1.0" encoding="UTF-8"?>
<!-- Generated by org.testng.reporters.JUnitXMLReporter -->
<testsuite ignored="0" hostname="Bharath" failures="2" tests="11" name="Test" time="3.222" errors="0" timestamp="2026-01-01T09:13:24 IST">
  <testcase classname="testng.framework.concepts.AppCommons" name="testCase3" time="0.01"/>
  <testcase classname="testng.framework.concepts.AppCommons" name="testCase3" time="0.005"/>
  <testcase classname="testng.framework.concepts.AppCommons" name="testCase2" time="0.002"/>
  <testcase classname="testng.framework.concepts.AppCommons" name="testCase1" time="0.008">
    <skipped/>
  </testcase> <!-- testCase1 -->
  <testcase classname="testng.framework.concepts.AppCommons" name="testCase1" time="0.002">
    <skipped/>
  </testcase> <!-- testCase1 -->
  <testcase classname="testng.framework.concepts.AppCommons" name="testCase1" time="0.002">
    <failure type="java.lang.AssertionError" message="Test Case 1 is Failed">
      <![CDATA[java.lang.AssertionError: Test Case 1 is Failed
at testng.framework.concepts.AppCommons.testCase1(AppCommons.java:36)
at java.base/java.util.ArrayList.forEach(ArrayList.java:1596)
... Removed 26 stack frames]]>
    </failure>
  </testcase> <!-- testCase1 -->
  <testcase classname="testng.framework.concepts.AppCommons" name="testCase4" time="0.0">
    <skipped/>
  </testcase> <!-- testCase4 -->
  <testcase classname="testng.framework.concepts.AppCommons" name="testCase5" time="0.001"/>
  <testcase classname="testng.framework.concepts.AppCommons" name="testCase5" time="0.002"/>
  <testcase classname="testng.framework.concepts.AppCommons" name="testCase5" time="0.002"/>
  <testcase classname="testng.framework.concepts.AppCommons" name="testCase6" time="3.009">
    <failure type="org.testng.internal.thread.ThreadTimeoutException" message="Method testng.framework.concepts.AppCommons.testCase6() didn&amp;apos;t finish within the time-out 3000">
      <![CDATA[org.testng.internal.thread.ThreadTimeoutException: Method testng.framework.concepts.AppCommons.testCase6() didn't finish within the time-out 3000
at java.base/java.lang.Thread.sleep0(Native Method)
at java.base/java.lang.Thread.sleep(Thread.java:509)
at testng.framework.concepts.AppCommons.testCase6(AppCommons.java:64)
at java.base/java.util.concurrent.FutureTask.run(FutureTask.java:317)
at java.base/java.util.concurrent.ThreadPoolExecutor.runWorker(ThreadPoolExecutor.java:1144)
at java.base/java.util.concurrent.ThreadPoolExecutor$Worker.run(ThreadPoolExecutor.java:642)
at java.base/java.lang.Thread.run(Thread.java:1583)
... Removed 6 stack frames]]>
    </failure>
  </testcase> <!-- testCase6 -->
</testsuite> <!-- Test -->
