<?xml version="1.0" encoding="UTF-8"?>
<testng-results retried="2" ignored="0" total="11" passed="6" failed="2" skipped="1">
  <reporter-output>
  </reporter-output>
  <suite started-at="2026-01-01T09:13:21 IST" name="Suite" finished-at="2026-01-01T09:13:24 IST" duration-ms="3222">
    <groups>
      <group name="Sanity">
        <method signature="AppCommons.testCase3(java.lang.String,java.lang.String)[pri:-1, instance:testng.framework.concepts.AppCommons@2aceadd4]" name="testCase3" class="testng.framework.concepts.AppCommons"/>
      </group> <!-- Sanity -->
      <group name="Regression">
        <method signature="AppCommons.testCase3(java.lang.String,java.lang.String)[pri:-1, instance:testng.framework.concepts.AppCommons@2aceadd4]" name="testCase3" class="testng.framework.concepts.AppCommons"/>
        <method signature="AppCommons.testCase2()[pri:0, instance:testng.framework.concepts.AppCommons@2aceadd4]" name="testCase2" class="testng.framework.concepts.AppCommons"/>
        <method signature="AppCommons.testCase1()[pri:1, instance:testng.framework.concepts.AppCommons@2aceadd4]" name="testCase1" class="testng.framework.concepts.AppCommons"/>
        <method signature="AppCommons.testCase4()[pri:-2, instance:testng.framework.concepts.AppCommons@2aceadd4]" name="testCase4" class="testng.framework.concepts.AppCommons"/>
      </group> <!-- Regression -->
      <group name="Smoke">
        <method signature="AppCommons.testCase3(java.lang.String,java.lang.String)[pri:-1, instance:testng.framework.concepts.AppCommons@2aceadd4]" name="testCase3" class="testng.framework.concepts.AppCommons"/>
        <method signature="AppCommons.testCase1()[pri:1, instance:testng.framework.concepts.AppCommons@2aceadd4]" name="testCase1" class="testng.framework.concepts.AppCommons"/>
      </group> <!-- Smoke -->
    </groups>
    <test started-at="2026-01-01T09:13:21 IST" name="Test" finished-at="2026-01-01T09:13:24 IST" duration-ms="3222">
      <class name="testng.framework.concepts.AppCommons">
        <test-method is-config="true" signature="startReporting()[pri:0, instance:testng.framework.concepts.AppCommons@2aceadd4]" started-at="2026-01-01T09:13:21 IST" name="startReporting" finished-at="2026-01-01T09:13:21 IST" duration-ms="17" status="PASS">
          <reporter-output>
          </reporter-output>
        </test-method> <!-- startReporting -->
        <test-method is-config="true" signature="launchBrowserAndApplication(java.lang.String,java.lang.String)[pri:0, instance:testng.framework.concepts.AppCommons@2aceadd4]" started-at="2026-01-01T09:13:21 IST" name="launchBrowserAndApplication" finished-at="2026-01-01T09:13:21 IST" duration-ms="4" status="PASS">
          <params>
            <param index="0">
              <value>
                <![CDATA[Chrome]]>
              </value>
            </param>
            <param index="1">
              <value>
                <![CDATA[www.bharathtechacademy.com]]>
              </value>
            </param>
          </params>
          <reporter-output>
          </reporter-output>
        </test-method> <!-- launchBrowserAndApplication -->
        <test-method is-config="true" signature="loginIntoApplication(java.lang.String,java.lang.String)[pri:0, instance:testng.framework.concepts.AppCommons@2aceadd4]" started-at="2026-01-01T09:13:21 IST" name="loginIntoApplication" finished-at="2026-01-01T09:13:21 IST" depends-on-methods="testng.framework.concepts.WebCommons.launchBrowserAndApplication" duration-ms="2" status="PASS">
          <params>
            <param index="0">
              <value>
                <![CDATA[Admin]]>
              </value>
            </param>
            <param index="1">
              <value>
                <![CDATA[admin123]]>
              </value>
            </param>
          </params>
          <reporter-output>
          </reporter-output>
        </test-method> <!-- loginIntoApplication -->
        <test-method is-config="true" signature="verifyApplicationHomePage()[pri:0, instance:testng.framework.concepts.AppCommons@2aceadd4]" started-at="2026-01-01T09:13:21 IST" name="verifyApplicationHomePage" finished-at="2026-01-01T09:13:21 IST" depends-on-methods="testng.framework.concepts.AppCommons.loginIntoApplication" duration-ms="1" status="PASS">
          <reporter-output>
          </reporter-output>
        </test-method> <!-- verifyApplicationHomePage -->
        <test-method signature="testCase3(java.lang.String,java.lang.String)[pri:-1, instance:testng.framework.concepts.AppCommons@2aceadd4]" started-at="2026-01-01T09:13:21 IST" name="testCase3" data-provider="test3Data" finished-at="2026-01-01T09:13:21 IST" duration-ms="10" status="PASS">
          <params>
            <param index="0">
              <value>
                <![CDATA[Valid User]]>
              </value>
            </param>
            <param index="1">
              <value>
                <![CDATA[Valid123]]>
              </value>
            </param>
          </params>
          <reporter-output>
          </reporter-output>
        </test-method> <!-- testCase3 -->
        <test-method is-config="true" signature="logoutFromApplication()[pri:0, instance:testng.framework.concepts.AppCommons@2aceadd4]" started-at="2026-01-01T09:13:21 IST" name="logoutFromApplication" finished-at="2026-01-01T09:13:21 IST" duration-ms="1" status="PASS">
          <reporter-output>
          </reporter-output>
        </test-method> <!-- logoutFromApplication -->
        <test-method is-config="true" signature="closeApplication()[pri:0, instance:testng.framework.concepts.AppCommons@2aceadd4]" started-at="2026-01-01T09:13:21 IST" name="closeApplication" finished-at="2026-01-01T09:13:21 IST" depends-on-methods="testng.framework.concepts.AppCommons.logoutFromApplication" duration-ms="2" status="PASS">
          <reporter-output>
          </reporter-output>
        </test-method> <!-- closeApplication -->
        <test-method is-config="true" signature="closeBrowser()[pri:0, instance:testng.framework.concepts.AppCommons@2aceadd4]" started-at="2026-01-01T09:13:21 IST" name="closeBrowser" finished-at="2026-01-01T09:13:21 IST" depends-on-methods="closeApplication" duration-ms="1" status="PASS">
          <reporter-output>
          </reporter-output>
        </test-method> <!-- closeBrowser -->
        <test-method is-config="true" signature="launchBrowserAndApplication(java.lang.String,java.lang.String)[pri:0, instance:testng.framework.concepts.AppCommons@2aceadd4]" started-at="2026-01-01T09:13:21 IST" name="launchBrowserAndApplication" finished-at="2026-01-01T09:13:21 IST" duration-ms="1" status="PASS">
          <params>
            <param index="0">
              <value>
                <![CDATA[Chrome]]>
              </value>
            </param>
            <param index="1">
              <value>
                <![CDATA[www.bharathtechacademy.com]]>
              </value>
            </param>
          </params>
          <reporter-output>
          </reporter-output>
        </test-method> <!-- launchBrowserAndApplication -->
        <test-method is-config="true" signature="loginIntoApplication(java.lang.String,java.lang.String)[pri:0, instance:testng.framework.concepts.AppCommons@2aceadd4]" started-at="2026-01-01T09:13:21 IST" name="loginIntoApplication" finished-at="2026-01-01T09:13:21 IST" depends-on-methods="testng.framework.concepts.WebCommons.launchBrowserAndApplication" duration-ms="1" status="PASS">
          <params>
            <param index="0">
              <value>
                <![CDATA[Admin]]>
              </value>
            </param>
            <param index="1">
              <value>
                <![CDATA[admin123]]>
              </value>
            </param>
          </params>
          <reporter-output>
          </reporter-output>
        </test-method> <!-- loginIntoApplication -->
        <test-method is-config="true" signature="verifyApplicationHomePage()[pri:0, instance:testng.framework.concepts.AppCommons@2aceadd4]" started-at="2026-01-01T09:13:21 IST" name="verifyApplicationHomePage" finished-at="2026-01-01T09:13:21 IST" depends-on-methods="testng.framework.concepts.AppCommons.loginIntoApplication" duration-ms="1" status="PASS">
          <reporter-output>
          </reporter-output>
        </test-method> <!-- verifyApplicationHomePage -->
        <test-method signature="testCase3(java.lang.String,java.lang.String)[pri:-1, instance:testng.framework.concepts.AppCommons@2aceadd4]" started-at="2026-01-01T09:13:21 IST" name="testCase3" data-provider="test3Data" finished-at="2026-01-01T09:13:21 IST" duration-ms="5" status="PASS">
          <params>
            <param index="0">
              <value>
                <![CDATA[Invalid-Name]]>
              </value>
            </param>
            <param index="1">
              <value>
                <![CDATA[Invalid123]]>
              </value>
            </param>
          </params>
          <reporter-output>
          </reporter-output>
        </test-method> <!-- testCase3 -->
        <test-method is-config="true" signature="logoutFromApplication()[pri:0, instance:testng.framework.concepts.AppCommons@2aceadd4]" started-at="2026-01-01T09:13:21 IST" name="logoutFromApplication" finished-at="2026-01-01T09:13:21 IST" duration-ms="0" status="PASS">
          <reporter-output>
          </reporter-output>
        </test-method> <!-- logoutFromApplication -->
        <test-method is-config="true" signature="closeApplication()[pri:0, instance:testng.framework.concepts.AppCommons@2aceadd4]" started-at="2026-01-01T09:13:21 IST" name="closeApplication" finished-at="2026-01-01T09:13:21 IST" depends-on-methods="testng.framework.concepts.AppCommons.logoutFromApplication" duration-ms="0" status="PASS">
          <reporter-output>
          </reporter-output>
        </test-method> <!-- closeApplication -->
        <test-method is-config="true" signature="closeBrowser()[pri:0, instance:testng.framework.concepts.AppCommons@2aceadd4]" started-at="2026-01-01T09:13:21 IST" name="closeBrowser" finished-at="2026-01-01T09:13:21 IST" depends-on-methods="closeApplication" duration-ms="0" status="PASS">
          <reporter-output>
          </reporter-output>
        </test-method> <!-- closeBrowser -->
        <test-method is-config="true" signature="launchBrowserAndApplication(java.lang.String,java.lang.String)[pri:0, instance:testng.framework.concepts.AppCommons@2aceadd4]" started-at="2026-01-01T09:13:21 IST" name="launchBrowserAndApplication" finished-at="2026-01-01T09:13:21 IST" duration-ms="0" status="PASS">
          <params>
            <param index="0">
              <value>
                <![CDATA[Chrome]]>
              </value>
            </param>
            <param index="1">
              <value>
                <![CDATA[www.bharathtechacademy.com]]>
              </value>
            </param>
          </params>
          <reporter-output>
          </reporter-output>
        </test-method> <!-- launchBrowserAndApplication -->
        <test-method is-config="true" signature="loginIntoApplication(java.lang.String,java.lang.String)[pri:0, instance:testng.framework.concepts.AppCommons@2aceadd4]" started-at="2026-01-01T09:13:21 IST" name="loginIntoApplication" finished-at="2026-01-01T09:13:21 IST" depends-on-methods="testng.framework.concepts.WebCommons.launchBrowserAndApplication" duration-ms="1" status="PASS">
          <params>
            <param index="0">
              <value>
                <![CDATA[Admin]]>
              </value>
            </param>
            <param index="1">
              <value>
                <![CDATA[admin123]]>
              </value>
            </param>
          </params>
          <reporter-output>
          </reporter-output>
        </test-method> <!-- loginIntoApplication -->
        <test-method is-config="true" signature="verifyApplicationHomePage()[pri:0, instance:testng.framework.concepts.AppCommons@2aceadd4]" started-at="2026-01-01T09:13:21 IST" name="verifyApplicationHomePage" finished-at="2026-01-01T09:13:21 IST" depends-on-methods="testng.framework.concepts.AppCommons.loginIntoApplication" duration-ms="1" status="PASS">
          <reporter-output>
          </reporter-output>
        </test-method> <!-- verifyApplicationHomePage -->
        <test-method signature="testCase2()[pri:0, instance:testng.framework.concepts.AppCommons@2aceadd4]" started-at="2026-01-01T09:13:21 IST" name="testCase2" finished-at="2026-01-01T09:13:21 IST" duration-ms="2" status="PASS">
          <reporter-output>
          </reporter-output>
        </test-method> <!-- testCase2 -->
        <test-method is-config="true" signature="logoutFromApplication()[pri:0, instance:testng.framework.concepts.AppCommons@2aceadd4]" started-at="2026-01-01T09:13:21 IST" name="logoutFromApplication" finished-at="2026-01-01T09:13:21 IST" duration-ms="0" status="PASS">
          <reporter-output>
          </reporter-output>
        </test-method> <!-- logoutFromApplication -->
        <test-method is-config="true" signature="closeApplication()[pri:0, instance:testng.framework.concepts.AppCommons@2aceadd4]" started-at="2026-01-01T09:13:21 IST" name="closeApplication" finished-at="2026-01-01T09:13:21 IST" depends-on-methods="testng.framework.concepts.AppCommons.logoutFromApplication" duration-ms="0" status="PASS">
          <reporter-output>
          </reporter-output>
        </test-method> <!-- closeApplication -->
        <test-method is-config="true" signature="closeBrowser()[pri:0, instance:testng.framework.concepts.AppCommons@2aceadd4]" started-at="2026-01-01T09:13:21 IST" name="closeBrowser" finished-at="2026-01-01T09:13:21 IST" depends-on-methods="closeApplication" duration-ms="0" status="PASS">
          <reporter-output>
          </reporter-output>
        </test-method> <!-- closeBrowser -->
        <test-method is-config="true" signature="launchBrowserAndApplication(java.lang.String,java.lang.String)[pri:0, instance:testng.framework.concepts.AppCommons@2aceadd4]" started-at="2026-01-01T09:13:21 IST" name="launchBrowserAndApplication" finished-at="2026-01-01T09:13:21 IST" duration-ms="0" status="PASS">
          <params>
            <param index="0">
              <value>
                <![CDATA[Chrome]]>
              </value>
            </param>
            <param index="1">
              <value>
                <![CDATA[www.bharathtechacademy.com]]>
              </value>
            </param>
          </params>
          <reporter-output>
          </reporter-output>
        </test-method> <!-- launchBrowserAndApplication -->
        <test-method is-config="true" signature="loginIntoApplication(java.lang.String,java.lang.String)[pri:0, instance:testng.framework.concepts.AppCommons@2aceadd4]" started-at="2026-01-01T09:13:21 IST" name="loginIntoApplication" finished-at="2026-01-01T09:13:21 IST" depends-on-methods="testng.framework.concepts.WebCommons.launchBrowserAndApplication" duration-ms="0" status="PASS">
          <params>
            <param index="0">
              <value>
                <![CDATA[Admin]]>
              </value>
            </param>
            <param index="1">
              <value>
                <![CDATA[admin123]]>
              </value>
            </param>
          </params>
          <reporter-output>
          </reporter-output>
        </test-method> <!-- loginIntoApplication -->
        <test-method is-config="true" signature="verifyApplicationHomePage()[pri:0, instance:testng.framework.concepts.AppCommons@2aceadd4]" started-at="2026-01-01T09:13:21 IST" name="verifyApplicationHomePage" finished-at="2026-01-01T09:13:21 IST" depends-on-methods="testng.framework.concepts.AppCommons.loginIntoApplication" duration-ms="1" status="PASS">
          <reporter-output>
          </reporter-output>
        </test-method> <!-- verifyApplicationHomePage -->
        <test-method retried="true" signature="testCase1()[pri:1, instance:testng.framework.concepts.AppCommons@2aceadd4]" started-at="2026-01-01T09:13:21 IST" name="testCase1" finished-at="2026-01-01T09:13:21 IST" duration-ms="8" status="SKIP">
          <exception class="java.lang.AssertionError">
            <message>
              <![CDATA[Test Case 1 is Failed]]>
            </message>
            <full-stacktrace>
              <![CDATA[java.lang.AssertionError: Test Case 1 is Failed
at org.testng.Assert.fail(Assert.java:111)
at testng.framework.concepts.AppCommons.testCase1(AppCommons.java:36)
at java.base/jdk.internal.reflect.DirectMethodHandleAccessor.invoke(DirectMethodHandleAccessor.java:103)
at java.base/java.lang.reflect.Method.invoke(Method.java:580)
at org.testng.internal.invokers.MethodInvocationHelper.invokeMethod(MethodInvocationHelper.java:141)
at org.testng.internal.invokers.TestInvoker.invokeMethod(TestInvoker.java:687)
at org.testng.internal.invokers.TestInvoker.invokeTestMethod(TestInvoker.java:230)
at org.testng.internal.invokers.MethodRunner.runInSequence(MethodRunner.java:63)
at org.testng.internal.invokers.TestInvoker$MethodInvocationAgent.invoke(TestInvoker.java:995)
at org.testng.internal.invokers.TestInvoker.invokeTestMethods(TestInvoker.java:203)
at org.testng.internal.invokers.TestMethodWorker.invokeTestMethods(TestMethodWorker.java:154)
at org.testng.internal.invokers.TestMethodWorker.run(TestMethodWorker.java:134)
at java.base/java.util.ArrayList.forEach(ArrayList.java:1596)
at org.testng.TestRunner.privateRun(TestRunner.java:741)
at org.testng.TestRunner.run(TestRunner.java:616)
at org.testng.SuiteRunner.runTest(SuiteRunner.java:421)
at org.testng.SuiteRunner.runSequentially(SuiteRunner.java:413)
at org.testng.SuiteRunner.privateRun(SuiteRunner.java:373)
at org.testng.SuiteRunner.run(SuiteRunner.java:312)
at org.testng.SuiteRunnerWorker.runSuite(SuiteRunnerWorker.java:52)
at org.testng.SuiteRunnerWorker.run(SuiteRunnerWorker.java:95)
at org.testng.TestNG.runSuitesSequentially(TestNG.java:1274)
at org.testng.TestNG.runSuitesLocally(TestNG.java:1208)
at org.testng.TestNG.runSuites(TestNG.java:1112)
at org.testng.TestNG.run(TestNG.java:1079)
at org.testng.remote.AbstractRemoteTestNG.run(AbstractRemoteTestNG.java:115)
at org.testng.remote.RemoteTestNG.initAndRun(RemoteTestNG.java:293)
at org.testng.remote.RemoteTestNG.main(RemoteTestNG.java:91)
]]>
            </full-stacktrace>
          </exception> <!-- java.lang.AssertionError -->
          <reporter-output>
          </reporter-output>
        </test-method> <!-- testCase1 -->
        <test-method is-config="true" signature="logoutFromApplication()[pri:0, instance:testng.framework.concepts.AppCommons@2aceadd4]" started-at="2026-01-01T09:13:21 IST" name="logoutFromApplication" finished-at="2026-01-01T09:13:21 IST" duration-ms="1" status="PASS">
          <reporter-output>
          </reporter-output>
        </test-method> <!-- logoutFromApplication -->
        <test-method is-config="true" signature="closeApplication()[pri:0, instance:testng.framework.concepts.AppCommons@2aceadd4]" started-at="2026-01-01T09:13:21 IST" name="closeApplication" finished-at="2026-01-01T09:13:21 IST" depends-on-methods="testng.framework.concepts.AppCommons.logoutFromApplication" duration-ms="0" status="PASS">
          <reporter-output>
          </reporter-output>
        </test-method> <!-- closeApplication -->
        <test-method is-config="true" signature="closeBrowser()[pri:0, instance:testng.framework.concepts.AppCommons@2aceadd4]" started-at="2026-01-01T09:13:21 IST" name="closeBrowser" finished-at="2026-01-01T09:13:21 IST" depends-on-methods="closeApplication" duration-ms="0" status="PASS">
          <reporter-output>
          </reporter-output>
        </test-method> <!-- closeBrowser -->
        <test-method is-config="true" signature="launchBrowserAndApplication(java.lang.String,java.lang.String)[pri:0, instance:testng.framework.concepts.AppCommons@2aceadd4]" started-at="2026-01-01T09:13:21 IST" name="launchBrowserAndApplication" finished-at="2026-01-01T09:13:21 IST" duration-ms="1" status="PASS">
          <params>
            <param index="0">
              <value>
                <![CDATA[Chrome]]>
              </value>
            </param>
            <param index="1">
              <value>
                <![CDATA[www.bharathtechacademy.com]]>
              </value>
            </param>
          </params>
          <reporter-output>
          </reporter-output>
        </test-method> <!-- launchBrowserAndApplication -->
        <test-method is-config="true" signature="loginIntoApplication(java.lang.String,java.lang.String)[pri:0, instance:testng.framework.concepts.AppCommons@2aceadd4]" started-at="2026-01-01T09:13:21 IST" name="loginIntoApplication" finished-at="2026-01-01T09:13:21 IST" depends-on-methods="testng.framework.concepts.WebCommons.launchBrowserAndApplication" duration-ms="1" status="PASS">
          <params>
            <param index="0">
              <value>
                <![CDATA[Admin]]>
              </value>
            </param>
            <param index="1">
              <value>
                <![CDATA[admin123]]>
              </value>
            </param>
          </params>
          <reporter-output>
          </reporter-output>
        </test-method> <!-- loginIntoApplication -->
        <test-method retried="true" signature="testCase1()[pri:1, instance:testng.framework.concepts.AppCommons@2aceadd4]" started-at="2026-01-01T09:13:21 IST" name="testCase1" finished-at="2026-01-01T09:13:21 IST" duration-ms="2" status="SKIP">
          <exception class="java.lang.AssertionError">
            <message>
              <![CDATA[Test Case 1 is Failed]]>
            </message>
            <full-stacktrace>
              <![CDATA[java.lang.AssertionError: Test Case 1 is Failed
at org.testng.Assert.fail(Assert.java:111)
at testng.framework.concepts.AppCommons.testCase1(AppCommons.java:36)
at java.base/jdk.internal.reflect.DirectMethodHandleAccessor.invoke(DirectMethodHandleAccessor.java:103)
at java.base/java.lang.reflect.Method.invoke(Method.java:580)
at org.testng.internal.invokers.MethodInvocationHelper.invokeMethod(MethodInvocationHelper.java:141)
at org.testng.internal.invokers.TestInvoker.invokeMethod(TestInvoker.java:687)
at org.testng.internal.invokers.TestInvoker.retryFailed(TestInvoker.java:269)
at org.testng.internal.invokers.MethodRunner.runInSequence(MethodRunner.java:76)
at org.testng.internal.invokers.TestInvoker$MethodInvocationAgent.invoke(TestInvoker.java:995)
at org.testng.internal.invokers.TestInvoker.invokeTestMethods(TestInvoker.java:203)
at org.testng.internal.invokers.TestMethodWorker.invokeTestMethods(TestMethodWorker.java:154)
at org.testng.internal.invokers.TestMethodWorker.run(TestMethodWorker.java:134)
at java.base/java.util.ArrayList.forEach(ArrayList.java:1596)
at org.testng.TestRunner.privateRun(TestRunner.java:741)
at org.testng.TestRunner.run(TestRunner.java:616)
at org.testng.SuiteRunner.runTest(SuiteRunner.java:421)
at org.testng.SuiteRunner.runSequentially(SuiteRunner.java:413)
at org.testng.SuiteRunner.privateRun(SuiteRunner.java:373)
at org.testng.SuiteRunner.run(SuiteRunner.java:312)
at org.testng.SuiteRunnerWorker.runSuite(SuiteRunnerWorker.java:52)
at org.testng.SuiteRunnerWorker.run(SuiteRunnerWorker.java:95)
at org.testng.TestNG.runSuitesSequentially(TestNG.java:1274)
at org.testng.TestNG.runSuitesLocally(TestNG.java:1208)
at org.testng.TestNG.runSuites(TestNG.java:1112)
at org.testng.TestNG.run(TestNG.java:1079)
at org.testng.remote.AbstractRemoteTestNG.run(AbstractRemoteTestNG.java:115)
at org.testng.remote.RemoteTestNG.initAndRun(RemoteTestNG.java:293)
at org.testng.remote.RemoteTestNG.main(RemoteTestNG.java:91)
]]>
            </full-stacktrace>
          </exception> <!-- java.lang.AssertionError -->
          <reporter-output>
          </reporter-output>
        </test-method> <!-- testCase1 -->
        <test-method is-config="true" signature="verifyApplicationHomePage()[pri:0, instance:testng.framework.concepts.AppCommons@2aceadd4]" started-at="2026-01-01T09:13:21 IST" name="verifyApplicationHomePage" finished-at="2026-01-01T09:13:21 IST" depends-on-methods="testng.framework.concepts.AppCommons.loginIntoApplication" duration-ms="0" status="PASS">
          <reporter-output>
          </reporter-output>
        </test-method> <!-- verifyApplicationHomePage -->
        <test-method is-config="true" signature="logoutFromApplication()[pri:0, instance:testng.framework.concepts.AppCommons@2aceadd4]" started-at="2026-01-01T09:13:21 IST" name="logoutFromApplication" finished-at="2026-01-01T09:13:21 IST" duration-ms="1" status="PASS">
          <reporter-output>
          </reporter-output>
        </test-method> <!-- logoutFromApplication -->
        <test-method is-config="true" signature="closeApplication()[pri:0, instance:testng.framework.concepts.AppCommons@2aceadd4]" started-at="2026-01-01T09:13:21 IST" name="closeApplication" finished-at="2026-01-01T09:13:21 IST" depends-on-methods="testng.framework.concepts.AppCommons.logoutFromApplication" duration-ms="0" status="PASS">
          <reporter-output>
          </reporter-output>
        </test-method> <!-- closeApplication -->
        <test-method is-config="true" signature="closeBrowser()[pri:0, instance:testng.framework.concepts.AppCommons@2aceadd4]" started-at="2026-01-01T09:13:21 IST" name="closeBrowser" finished-at="2026-01-01T09:13:21 IST" depends-on-methods="closeApplication" duration-ms="1" status="PASS">
          <reporter-output>
          </reporter-output>
        </test-method> <!-- closeBrowser -->
        <test-method is-config="true" signature="loginIntoApplication(java.lang.String,java.lang.String)[pri:0, instance:testng.framework.concepts.AppCommons@2aceadd4]" started-at="2026-01-01T09:13:21 IST" name="loginIntoApplication" finished-at="2026-01-01T09:13:21 IST" depends-on-methods="testng.framework.concepts.WebCommons.launchBrowserAndApplication" duration-ms="1" status="PASS">
          <params>
            <param index="0">
              <value>
                <![CDATA[Admin]]>
              </value>
            </param>
            <param index="1">
              <value>
                <![CDATA[admin123]]>
              </value>
            </param>
          </params>
          <reporter-output>
          </reporter-output>
        </test-method> <!-- loginIntoApplication -->
        <test-method is-config="true" signature="launchBrowserAndApplication(java.lang.String,java.lang.String)[pri:0, instance:testng.framework.concepts.AppCommons@2aceadd4]" started-at="2026-01-01T09:13:21 IST" name="launchBrowserAndApplication" finished-at="2026-01-01T09:13:21 IST" duration-ms="0" status="PASS">
          <params>
            <param index="0">
              <value>
                <![CDATA[Chrome]]>
              </value>
            </param>
            <param index="1">
              <value>
                <![CDATA[www.bharathtechacademy.com]]>
              </value>
            </param>
          </params>
          <reporter-output>
          </reporter-output>
        </test-method> <!-- launchBrowserAndApplication -->
        <test-method signature="testCase1()[pri:1, instance:testng.framework.concepts.AppCommons@2aceadd4]" started-at="2026-01-01T09:13:21 IST" name="testCase1" finished-at="2026-01-01T09:13:21 IST" duration-ms="2" status="FAIL">
          <exception class="java.lang.AssertionError">
            <message>
              <![CDATA[Test Case 1 is Failed]]>
            </message>
            <full-stacktrace>
              <![CDATA[java.lang.AssertionError: Test Case 1 is Failed
at org.testng.Assert.fail(Assert.java:111)
at testng.framework.concepts.AppCommons.testCase1(AppCommons.java:36)
at java.base/jdk.internal.reflect.DirectMethodHandleAccessor.invoke(DirectMethodHandleAccessor.java:103)
at java.base/java.lang.reflect.Method.invoke(Method.java:580)
at org.testng.internal.invokers.MethodInvocationHelper.invokeMethod(MethodInvocationHelper.java:141)
at org.testng.internal.invokers.TestInvoker.invokeMethod(TestInvoker.java:687)
at org.testng.internal.invokers.TestInvoker.retryFailed(TestInvoker.java:269)
at org.testng.internal.invokers.MethodRunner.runInSequence(MethodRunner.java:76)
at org.testng.internal.invokers.TestInvoker$MethodInvocationAgent.invoke(TestInvoker.java:995)
at org.testng.internal.invokers.TestInvoker.invokeTestMethods(TestInvoker.java:203)
at org.testng.internal.invokers.TestMethodWorker.invokeTestMethods(TestMethodWorker.java:154)
at org.testng.internal.invokers.TestMethodWorker.run(TestMethodWorker.java:134)
at java.base/java.util.ArrayList.forEach(ArrayList.java:1596)
at org.testng.TestRunner.privateRun(TestRunner.java:741)
at org.testng.TestRunner.run(TestRunner.java:616)
at org.testng.SuiteRunner.runTest(SuiteRunner.java:421)
at org.testng.SuiteRunner.runSequentially(SuiteRunner.java:413)
at org.testng.SuiteRunner.privateRun(SuiteRunner.java:373)
at org.testng.SuiteRunner.run(SuiteRunner.java:312)
at org.testng.SuiteRunnerWorker.runSuite(SuiteRunnerWorker.java:52)
at org.testng.SuiteRunnerWorker.run(SuiteRunnerWorker.java:95)
at org.testng.TestNG.runSuitesSequentially(TestNG.java:1274)
at org.testng.TestNG.runSuitesLocally(TestNG.java:1208)
at org.testng.TestNG.runSuites(TestNG.java:1112)
at org.testng.TestNG.run(TestNG.java:1079)
at org.testng.remote.AbstractRemoteTestNG.run(AbstractRemoteTestNG.java:115)
at org.testng.remote.RemoteTestNG.initAndRun(RemoteTestNG.java:293)
at org.testng.remote.RemoteTestNG.main(RemoteTestNG.java:91)
]]>
            </full-stacktrace>
          </exception> <!-- java.lang.AssertionError -->
          <reporter-output>
          </reporter-output>
        </test-method> <!-- testCase1 -->
        <test-method is-config="true" signature="verifyApplicationHomePage()[pri:0, instance:testng.framework.concepts.AppCommons@2aceadd4]" started-at="2026-01-01T09:13:21 IST" name="verifyApplicationHomePage" finished-at="2026-01-01T09:13:21 IST" depends-on-methods="testng.framework.concepts.AppCommons.loginIntoApplication" duration-ms="0" status="PASS">
          <reporter-output>
          </reporter-output>
        </test-method> <!-- verifyApplicationHomePage -->
        <test-method is-config="true" signature="logoutFromApplication()[pri:0, instance:testng.framework.concepts.AppCommons@2aceadd4]" started-at="2026-01-01T09:13:21 IST" name="logoutFromApplication" finished-at="2026-01-01T09:13:21 IST" duration-ms="2" status="PASS">
          <reporter-output>
          </reporter-output>
        </test-method> <!-- logoutFromApplication -->
        <test-method is-config="true" signature="closeApplication()[pri:0, instance:testng.framework.concepts.AppCommons@2aceadd4]" started-at="2026-01-01T09:13:21 IST" name="closeApplication" finished-at="2026-01-01T09:13:21 IST" depends-on-methods="testng.framework.concepts.AppCommons.logoutFromApplication" duration-ms="2" status="PASS">
          <reporter-output>
          </reporter-output>
        </test-method> <!-- closeApplication -->
        <test-method is-config="true" signature="closeBrowser()[pri:0, instance:testng.framework.concepts.AppCommons@2aceadd4]" started-at="2026-01-01T09:13:21 IST" name="closeBrowser" finished-at="2026-01-01T09:13:21 IST" depends-on-methods="closeApplication" duration-ms="1" status="PASS">
          <reporter-output>
          </reporter-output>
        </test-method> <!-- closeBrowser -->
        <test-method signature="testCase4()[pri:-2, instance:testng.framework.concepts.AppCommons@2aceadd4]" started-at="2026-01-01T09:13:21 IST" name="testCase4" finished-at="2026-01-01T09:13:21 IST" depends-on-methods="testng.framework.concepts.AppCommons.testCase2, testng.framework.concepts.AppCommons.testCase1" duration-ms="0" status="SKIP">
          <exception class="java.lang.Throwable">
            <message>
              <![CDATA[Method testng.framework.concepts.AppCommons.testCase4() on instance testng.framework.concepts.AppCommons@2aceadd4 depends on not successfully finished methods 
[testng.framework.concepts.AppCommons.testCase2() on instance testng.framework.concepts.AppCommons@2aceadd4
testng.framework.concepts.AppCommons.testCase1() on instance testng.framework.concepts.AppCommons@2aceadd4]]]>
            </message>
            <full-stacktrace>
              <![CDATA[java.lang.Throwable: Method testng.framework.concepts.AppCommons.testCase4() on instance testng.framework.concepts.AppCommons@2aceadd4 depends on not successfully finished methods 
[testng.framework.concepts.AppCommons.testCase2() on instance testng.framework.concepts.AppCommons@2aceadd4
testng.framework.concepts.AppCommons.testCase1() on instance testng.framework.concepts.AppCommons@2aceadd4]
at org.testng.internal.invokers.TestInvoker.invokeTestMethods(TestInvoker.java:159)
at org.testng.internal.invokers.TestMethodWorker.invokeTestMethods(TestMethodWorker.java:154)
at org.testng.internal.invokers.TestMethodWorker.run(TestMethodWorker.java:134)
at java.base/java.util.ArrayList.forEach(ArrayList.java:1596)
at org.testng.TestRunner.privateRun(TestRunner.java:741)
at org.testng.TestRunner.run(TestRunner.java:616)
at org.testng.SuiteRunner.runTest(SuiteRunner.java:421)
at org.testng.SuiteRunner.runSequentially(SuiteRunner.java:413)
at org.testng.SuiteRunner.privateRun(SuiteRunner.java:373)
at org.testng.SuiteRunner.run(SuiteRunner.java:312)
at org.testng.SuiteRunnerWorker.runSuite(SuiteRunnerWorker.java:52)
at org.testng.SuiteRunnerWorker.run(SuiteRunnerWorker.java:95)
at org.testng.TestNG.runSuitesSequentially(TestNG.java:1274)
at org.testng.TestNG.runSuitesLocally(TestNG.java:1208)
at org.testng.TestNG.runSuites(TestNG.java:1112)
at org.testng.TestNG.run(TestNG.java:1079)
at org.testng.remote.AbstractRemoteTestNG.run(AbstractRemoteTestNG.java:115)
at org.testng.remote.RemoteTestNG.initAndRun(RemoteTestNG.java:293)
at org.testng.remote.RemoteTestNG.main(RemoteTestNG.java:91)
]]>
            </full-stacktrace>
          </exception> <!-- java.lang.Throwable -->
          <reporter-output>
          </reporter-output>
        </test-method> <!-- testCase4 -->
        <test-method is-config="true" signature="launchBrowserAndApplication(java.lang.String,java.lang.String)[pri:0, instance:testng.framework.concepts.AppCommons@2aceadd4]" started-at="2026-01-01T09:13:21 IST" name="launchBrowserAndApplication" finished-at="2026-01-01T09:13:21 IST" duration-ms="1" status="PASS">
          <params>
            <param index="0">
              <value>
                <![CDATA[Chrome]]>
              </value>
            </param>
            <param index="1">
              <value>
                <![CDATA[www.bharathtechacademy.com]]>
              </value>
            </param>
          </params>
          <reporter-output>
          </reporter-output>
        </test-method> <!-- launchBrowserAndApplication -->
        <test-method is-config="true" signature="loginIntoApplication(java.lang.String,java.lang.String)[pri:0, instance:testng.framework.concepts.AppCommons@2aceadd4]" started-at="2026-01-01T09:13:21 IST" name="loginIntoApplication" finished-at="2026-01-01T09:13:21 IST" depends-on-methods="testng.framework.concepts.WebCommons.launchBrowserAndApplication" duration-ms="0" status="PASS">
          <params>
            <param index="0">
              <value>
                <![CDATA[Admin]]>
              </value>
            </param>
            <param index="1">
              <value>
                <![CDATA[admin123]]>
              </value>
            </param>
          </params>
          <reporter-output>
          </reporter-output>
        </test-method> <!-- loginIntoApplication -->
        <test-method is-config="true" signature="verifyApplicationHomePage()[pri:0, instance:testng.framework.concepts.AppCommons@2aceadd4]" started-at="2026-01-01T09:13:21 IST" name="verifyApplicationHomePage" finished-at="2026-01-01T09:13:21 IST" depends-on-methods="testng.framework.concepts.AppCommons.loginIntoApplication" duration-ms="2" status="PASS">
          <reporter-output>
          </reporter-output>
        </test-method> <!-- verifyApplicationHomePage -->
        <test-method signature="testCase5()[pri:2, instance:testng.framework.concepts.AppCommons@2aceadd4]" started-at="2026-01-01T09:13:21 IST" name="testCase5" finished-at="2026-01-01T09:13:21 IST" duration-ms="1" status="PASS">
          <reporter-output>
          </reporter-output>
        </test-method> <!-- testCase5 -->
        <test-method is-config="true" signature="logoutFromApplication()[pri:0, instance:testng.framework.concepts.AppCommons@2aceadd4]" started-at="2026-01-01T09:13:21 IST" name="logoutFromApplication" finished-at="2026-01-01T09:13:21 IST" duration-ms="0" status="PASS">
          <reporter-output>
          </reporter-output>
        </test-method> <!-- logoutFromApplication -->
        <test-method is-config="true" signature="closeBrowser()[pri:0, instance:testng.framework.concepts.AppCommons@2aceadd4]" started-at="2026-01-01T09:13:21 IST" name="closeBrowser" finished-at="2026-01-01T09:13:21 IST" depends-on-methods="closeApplication" duration-ms="0" status="PASS">
          <reporter-output>
          </reporter-output>
        </test-method> <!-- closeBrowser -->
        <test-method is-config="true" signature="closeApplication()[pri:0, instance:testng.framework.concepts.AppCommons@2aceadd4]" started-at="2026-01-01T09:13:21 IST" name="closeApplication" finished-at="2026-01-01T09:13:21 IST" depends-on-methods="testng.framework.concepts.AppCommons.logoutFromApplication" duration-ms="0" status="PASS">
          <reporter-output>
          </reporter-output>
        </test-method> <!-- closeApplication -->
        <test-method is-config="true" signature="launchBrowserAndApplication(java.lang.String,java.lang.String)[pri:0, instance:testng.framework.concepts.AppCommons@2aceadd4]" started-at="2026-01-01T09:13:21 IST" name="launchBrowserAndApplication" finished-at="2026-01-01T09:13:21 IST" duration-ms="2" status="PASS">
          <params>
            <param index="0">
              <value>
                <![CDATA[Chrome]]>
              </value>
            </param>
            <param index="1">
              <value>
                <![CDATA[www.bharathtechacademy.com]]>
              </value>
            </param>
          </params>
          <reporter-output>
          </reporter-output>
        </test-method> <!-- launchBrowserAndApplication -->
        <test-method is-config="true" signature="loginIntoApplication(java.lang.String,java.lang.String)[pri:0, instance:testng.framework.concepts.AppCommons@2aceadd4]" started-at="2026-01-01T09:13:21 IST" name="loginIntoApplication" finished-at="2026-01-01T09:13:21 IST" depends-on-methods="testng.framework.concepts.WebCommons.launchBrowserAndApplication" duration-ms="1" status="PASS">
          <params>
            <param index="0">
              <value>
                <![CDATA[Admin]]>
              </value>
            </param>
            <param index="1">
              <value>
                <![CDATA[admin123]]>
              </value>
            </param>
          </params>
          <reporter-output>
          </reporter-output>
        </test-method> <!-- loginIntoApplication -->
        <test-method signature="testCase5()[pri:2, instance:testng.framework.concepts.AppCommons@2aceadd4]" started-at="2026-01-01T09:13:21 IST" name="testCase5" finished-at="2026-01-01T09:13:21 IST" duration-ms="2" status="PASS">
          <reporter-output>
          </reporter-output>
        </test-method> <!-- testCase5 -->
        <test-method is-config="true" signature="verifyApplicationHomePage()[pri:0, instance:testng.framework.concepts.AppCommons@2aceadd4]" started-at="2026-01-01T09:13:21 IST" name="verifyApplicationHomePage" finished-at="2026-01-01T09:13:21 IST" depends-on-methods="testng.framework.concepts.AppCommons.loginIntoApplication" duration-ms="0" status="PASS">
          <reporter-output>
          </reporter-output>
        </test-method> <!-- verifyApplicationHomePage -->
        <test-method is-config="true" signature="logoutFromApplication()[pri:0, instance:testng.framework.concepts.AppCommons@2aceadd4]" started-at="2026-01-01T09:13:21 IST" name="logoutFromApplication" finished-at="2026-01-01T09:13:21 IST" duration-ms="3" status="PASS">
          <reporter-output>
          </reporter-output>
        </test-method> <!-- logoutFromApplication -->
        <test-method is-config="true" signature="closeApplication()[pri:0, instance:testng.framework.concepts.AppCommons@2aceadd4]" started-at="2026-01-01T09:13:21 IST" name="closeApplication" finished-at="2026-01-01T09:13:21 IST" depends-on-methods="testng.framework.concepts.AppCommons.logoutFromApplication" duration-ms="2" status="PASS">
          <reporter-output>
          </reporter-output>
        </test-method> <!-- closeApplication -->
        <test-method is-config="true" signature="closeBrowser()[pri:0, instance:testng.framework.concepts.AppCommons@2aceadd4]" started-at="2026-01-01T09:13:21 IST" name="closeBrowser" finished-at="2026-01-01T09:13:21 IST" depends-on-methods="closeApplication" duration-ms="1" status="PASS">
          <reporter-output>
          </reporter-output>
        </test-method> <!-- closeBrowser -->
        <test-method is-config="true" signature="launchBrowserAndApplication(java.lang.String,java.lang.String)[pri:0, instance:testng.framework.concepts.AppCommons@2aceadd4]" started-at="2026-01-01T09:13:21 IST" name="launchBrowserAndApplication" finished-at="2026-01-01T09:13:21 IST" duration-ms="1" status="PASS">
          <params>
            <param index="0">
              <value>
                <![CDATA[Chrome]]>
              </value>
            </param>
            <param index="1">
              <value>
                <![CDATA[www.bharathtechacademy.com]]>
              </value>
            </param>
          </params>
          <reporter-output>
          </reporter-output>
        </test-method> <!-- launchBrowserAndApplication -->
        <test-method is-config="true" signature="loginIntoApplication(java.lang.String,java.lang.String)[pri:0, instance:testng.framework.concepts.AppCommons@2aceadd4]" started-at="2026-01-01T09:13:21 IST" name="loginIntoApplication" finished-at="2026-01-01T09:13:21 IST" depends-on-methods="testng.framework.concepts.WebCommons.launchBrowserAndApplication" duration-ms="1" status="PASS">
          <params>
            <param index="0">
              <value>
                <![CDATA[Admin]]>
              </value>
            </param>
            <param index="1">
              <value>
                <![CDATA[admin123]]>
              </value>
            </param>
          </params>
          <reporter-output>
          </reporter-output>
        </test-method> <!-- loginIntoApplication -->
        <test-method signature="testCase5()[pri:2, instance:testng.framework.concepts.AppCommons@2aceadd4]" started-at="2026-01-01T09:13:21 IST" name="testCase5" finished-at="2026-01-01T09:13:21 IST" duration-ms="2" status="PASS">
          <reporter-output>
          </reporter-output>
        </test-method> <!-- testCase5 -->
        <test-method is-config="true" signature="verifyApplicationHomePage()[pri:0, instance:testng.framework.concepts.AppCommons@2aceadd4]" started-at="2026-01-01T09:13:21 IST" name="verifyApplicationHomePage" finished-at="2026-01-01T09:13:21 IST" depends-on-methods="testng.framework.concepts.AppCommons.loginIntoApplication" duration-ms="0" status="PASS">
          <reporter-output>
          </reporter-output>
        </test-method> <!-- verifyApplicationHomePage -->
        <test-method is-config="true" signature="logoutFromApplication()[pri:0, instance:testng.framework.concepts.AppCommons@2aceadd4]" started-at="2026-01-01T09:13:21 IST" name="logoutFromApplication" finished-at="2026-01-01T09:13:21 IST" duration-ms="1" status="PASS">
          <reporter-output>
          </reporter-output>
        </test-method> <!-- logoutFromApplication -->
        <test-method is-config="true" signature="closeApplication()[pri:0, instance:testng.framework.concepts.AppCommons@2aceadd4]" started-at="2026-01-01T09:13:21 IST" name="closeApplication" finished-at="2026-01-01T09:13:21 IST" depends-on-methods="testng.framework.concepts.AppCommons.logoutFromApplication" duration-ms="0" status="PASS">
          <reporter-output>
          </reporter-output>
        </test-method> <!-- closeApplication -->
        <test-method is-config="true" signature="closeBrowser()[pri:0, instance:testng.framework.concepts.AppCommons@2aceadd4]" started-at="2026-01-01T09:13:21 IST" name="closeBrowser" finished-at="2026-01-01T09:13:21 IST" depends-on-methods="closeApplication" duration-ms="0" status="PASS">
          <reporter-output>
          </reporter-output>
        </test-method> <!-- closeBrowser -->
        <test-method is-config="true" signature="loginIntoApplication(java.lang.String,java.lang.String)[pri:0, instance:testng.framework.concepts.AppCommons@2aceadd4]" started-at="2026-01-01T09:13:21 IST" name="loginIntoApplication" finished-at="2026-01-01T09:13:21 IST" depends-on-methods="testng.framework.concepts.WebCommons.launchBrowserAndApplication" duration-ms="1" status="PASS">
          <params>
            <param index="0">
              <value>
                <![CDATA[Admin]]>
              </value>
            </param>
            <param index="1">
              <value>
                <![CDATA[admin123]]>
              </value>
            </param>
          </params>
          <reporter-output>
          </reporter-output>
        </test-method> <!-- loginIntoApplication -->
        <test-method is-config="true" signature="launchBrowserAndApplication(java.lang.String,java.lang.String)[pri:0, instance:testng.framework.concepts.AppCommons@2aceadd4]" started-at="2026-01-01T09:13:21 IST" name="launchBrowserAndApplication" finished-at="2026-01-01T09:13:21 IST" duration-ms="0" status="PASS">
          <params>
            <param index="0">
              <value>
                <![CDATA[Chrome]]>
              </value>
            </param>
            <param index="1">
              <value>
                <![CDATA[www.bharathtechacademy.com]]>
              </value>
            </param>
          </params>
          <reporter-output>
          </reporter-output>
        </test-method> <!-- launchBrowserAndApplication -->
        <test-method signature="testCase6()[pri:3, instance:testng.framework.concepts.AppCommons@2aceadd4]" started-at="2026-01-01T09:13:21 IST" name="testCase6" finished-at="2026-01-01T09:13:24 IST" duration-ms="3009" status="FAIL">
          <exception class="org.testng.internal.thread.ThreadTimeoutException">
            <message>
              <![CDATA[Method testng.framework.concepts.AppCommons.testCase6() didn't finish within the time-out 3000]]>
            </message>
            <full-stacktrace>
              <![CDATA[org.testng.internal.thread.ThreadTimeoutException: Method testng.framework.concepts.AppCommons.testCase6() didn't finish within the time-out 3000
at java.base/java.lang.Thread.sleep0(Native Method)
at java.base/java.lang.Thread.sleep(Thread.java:509)
at testng.framework.concepts.AppCommons.testCase6(AppCommons.java:64)
at java.base/jdk.internal.reflect.DirectMethodHandleAccessor.invoke(DirectMethodHandleAccessor.java:103)
at java.base/java.lang.reflect.Method.invoke(Method.java:580)
at org.testng.internal.invokers.MethodInvocationHelper.invokeMethod(MethodInvocationHelper.java:141)
at org.testng.internal.invokers.InvokeMethodRunnable.runOne(InvokeMethodRunnable.java:47)
at org.testng.internal.invokers.InvokeMethodRunnable.call(InvokeMethodRunnable.java:76)
at org.testng.internal.invokers.InvokeMethodRunnable.call(InvokeMethodRunnable.java:11)
at java.base/java.util.concurrent.FutureTask.run(FutureTask.java:317)
at java.base/java.util.concurrent.ThreadPoolExecutor.runWorker(ThreadPoolExecutor.java:1144)
at java.base/java.util.concurrent.ThreadPoolExecutor$Worker.run(ThreadPoolExecutor.java:642)
at java.base/java.lang.Thread.run(Thread.java:1583)
]]>
            </full-stacktrace>
          </exception> <!-- org.testng.internal.thread.ThreadTimeoutException -->
          <reporter-output>
          </reporter-output>
        </test-method> <!-- testCase6 -->
        <test-method is-config="true" signature="verifyApplicationHomePage()[pri:0, instance:testng.framework.concepts.AppCommons@2aceadd4]" started-at="2026-01-01T09:13:21 IST" name="verifyApplicationHomePage" finished-at="2026-01-01T09:13:21 IST" depends-on-methods="testng.framework.concepts.AppCommons.loginIntoApplication" duration-ms="0" status="PASS">
          <reporter-output>
          </reporter-output>
        </test-method> <!-- verifyApplicationHomePage -->
        <test-method is-config="true" signature="logoutFromApplication()[pri:0, instance:testng.framework.concepts.AppCommons@2aceadd4]" started-at="2026-01-01T09:13:24 IST" name="logoutFromApplication" finished-at="2026-01-01T09:13:24 IST" duration-ms="2" status="PASS">
          <reporter-output>
          </reporter-output>
        </test-method> <!-- logoutFromApplication -->
        <test-method is-config="true" signature="closeApplication()[pri:0, instance:testng.framework.concepts.AppCommons@2aceadd4]" started-at="2026-01-01T09:13:24 IST" name="closeApplication" finished-at="2026-01-01T09:13:24 IST" depends-on-methods="testng.framework.concepts.AppCommons.logoutFromApplication" duration-ms="0" status="PASS">
          <reporter-output>
          </reporter-output>
        </test-method> <!-- closeApplication -->
        <test-method is-config="true" signature="closeBrowser()[pri:0, instance:testng.framework.concepts.AppCommons@2aceadd4]" started-at="2026-01-01T09:13:24 IST" name="closeBrowser" finished-at="2026-01-01T09:13:24 IST" depends-on-methods="closeApplication" duration-ms="0" status="PASS">
          <reporter-output>
          </reporter-output>
        </test-method> <!-- closeBrowser -->
        <test-method is-config="true" signature="stopReporting()[pri:0, instance:testng.framework.concepts.AppCommons@2aceadd4]" started-at="2026-01-01T09:13:24 IST" name="stopReporting" finished-at="2026-01-01T09:13:24 IST" duration-ms="1" status="PASS">
          <reporter-output>
          </reporter-output>
        </test-method> <!-- stopReporting -->
      </class> <!-- testng.framework.concepts.AppCommons -->
    </test> <!-- Test -->
  </suite> <!-- Suite -->
</testng-results>
