<?xml version="1.0" encoding="UTF-8"?>
<testng-results ignored="1" total="4" passed="3" failed="0" skipped="0">
  <reporter-output>
  </reporter-output>
  <suite started-at="2025-12-31T08:57:13 IST" name="Suite" finished-at="2025-12-31T08:57:13 IST" duration-ms="86">
    <groups>
      <group name="Sanity">
        <method signature="AppCommons.testCase3(java.lang.String,java.lang.String)[pri:-1, instance:testng.framework.concepts.AppCommons@510f3d34]" name="testCase3" class="testng.framework.concepts.AppCommons"/>
      </group> <!-- Sanity -->
      <group name="Regression">
        <method signature="AppCommons.testCase3(java.lang.String,java.lang.String)[pri:-1, instance:testng.framework.concepts.AppCommons@510f3d34]" name="testCase3" class="testng.framework.concepts.AppCommons"/>
        <method signature="AppCommons.testCase2()[pri:0, instance:testng.framework.concepts.AppCommons@510f3d34]" name="testCase2" class="testng.framework.concepts.AppCommons"/>
      </group> <!-- Regression -->
      <group name="Smoke">
        <method signature="AppCommons.testCase3(java.lang.String,java.lang.String)[pri:-1, instance:testng.framework.concepts.AppCommons@510f3d34]" name="testCase3" class="testng.framework.concepts.AppCommons"/>
      </group> <!-- Smoke -->
    </groups>
    <test started-at="2025-12-31T08:57:13 IST" name="Test" finished-at="2025-12-31T08:57:13 IST" duration-ms="86">
      <class name="testng.framework.concepts.AppCommons">
        <test-method is-config="true" signature="startReporting()[pri:0, instance:testng.framework.concepts.AppCommons@510f3d34]" started-at="2025-12-31T08:57:13 IST" name="startReporting" finished-at="2025-12-31T08:57:13 IST" duration-ms="14" status="PASS">
          <reporter-output>
          </reporter-output>
        </test-method> <!-- startReporting -->
        <test-method is-config="true" signature="launchBrowserAndApplication(java.lang.String,java.lang.String)[pri:0, instance:testng.framework.concepts.AppCommons@510f3d34]" started-at="2025-12-31T08:57:13 IST" name="launchBrowserAndApplication" finished-at="2025-12-31T08:57:13 IST" duration-ms="4" status="PASS">
          <params>
            <param index="0">
              <value>
                <![CDATA[Chrome]]>
              </value>
            </param>
            <param index="1">
              <value>
                <![CDATA[www.bharathtechacademy.com]]>
              </value>
            </param>
          </params>
          <reporter-output>
          </reporter-output>
        </test-method> <!-- launchBrowserAndApplication -->
        <test-method is-config="true" signature="loginIntoApplication(java.lang.String,java.lang.String)[pri:0, instance:testng.framework.concepts.AppCommons@510f3d34]" started-at="2025-12-31T08:57:13 IST" name="loginIntoApplication" finished-at="2025-12-31T08:57:13 IST" depends-on-methods="testng.framework.concepts.WebCommons.launchBrowserAndApplication" duration-ms="1" status="PASS">
          <params>
            <param index="0">
              <value>
                <![CDATA[Admin]]>
              </value>
            </param>
            <param index="1">
              <value>
                <![CDATA[admin123]]>
              </value>
            </param>
          </params>
          <reporter-output>
          </reporter-output>
        </test-method> <!-- loginIntoApplication -->
        <test-method is-config="true" signature="verifyApplicationHomePage()[pri:0, instance:testng.framework.concepts.AppCommons@510f3d34]" started-at="2025-12-31T08:57:13 IST" name="verifyApplicationHomePage" finished-at="2025-12-31T08:57:13 IST" depends-on-methods="testng.framework.concepts.AppCommons.loginIntoApplication" duration-ms="1" status="PASS">
          <reporter-output>
          </reporter-output>
        </test-method> <!-- verifyApplicationHomePage -->
        <test-method signature="testCase3(java.lang.String,java.lang.String)[pri:-1, instance:testng.framework.concepts.AppCommons@510f3d34]" started-at="2025-12-31T08:57:13 IST" name="testCase3" data-provider="test3Data" finished-at="2025-12-31T08:57:13 IST" duration-ms="9" status="PASS">
          <params>
            <param index="0">
              <value>
                <![CDATA[Valid User]]>
              </value>
            </param>
            <param index="1">
              <value>
                <![CDATA[Valid123]]>
              </value>
            </param>
          </params>
          <reporter-output>
          </reporter-output>
        </test-method> <!-- testCase3 -->
        <test-method is-config="true" signature="logoutFromApplication()[pri:0, instance:testng.framework.concepts.AppCommons@510f3d34]" started-at="2025-12-31T08:57:13 IST" name="logoutFromApplication" finished-at="2025-12-31T08:57:13 IST" duration-ms="1" status="PASS">
          <reporter-output>
          </reporter-output>
        </test-method> <!-- logoutFromApplication -->
        <test-method is-config="true" signature="closeApplication()[pri:0, instance:testng.framework.concepts.AppCommons@510f3d34]" started-at="2025-12-31T08:57:13 IST" name="closeApplication" finished-at="2025-12-31T08:57:13 IST" depends-on-methods="testng.framework.concepts.AppCommons.logoutFromApplication" duration-ms="1" status="PASS">
          <reporter-output>
          </reporter-output>
        </test-method> <!-- closeApplication -->
        <test-method is-config="true" signature="closeBrowser()[pri:0, instance:testng.framework.concepts.AppCommons@510f3d34]" started-at="2025-12-31T08:57:13 IST" name="closeBrowser" finished-at="2025-12-31T08:57:13 IST" depends-on-methods="closeApplication" duration-ms="1" status="PASS">
          <reporter-output>
          </reporter-output>
        </test-method> <!-- closeBrowser -->
        <test-method is-config="true" signature="launchBrowserAndApplication(java.lang.String,java.lang.String)[pri:0, instance:testng.framework.concepts.AppCommons@510f3d34]" started-at="2025-12-31T08:57:13 IST" name="launchBrowserAndApplication" finished-at="2025-12-31T08:57:13 IST" duration-ms="3" status="PASS">
          <params>
            <param index="0">
              <value>
                <![CDATA[Chrome]]>
              </value>
            </param>
            <param index="1">
              <value>
                <![CDATA[www.bharathtechacademy.com]]>
              </value>
            </param>
          </params>
          <reporter-output>
          </reporter-output>
        </test-method> <!-- launchBrowserAndApplication -->
        <test-method is-config="true" signature="loginIntoApplication(java.lang.String,java.lang.String)[pri:0, instance:testng.framework.concepts.AppCommons@510f3d34]" started-at="2025-12-31T08:57:13 IST" name="loginIntoApplication" finished-at="2025-12-31T08:57:13 IST" depends-on-methods="testng.framework.concepts.WebCommons.launchBrowserAndApplication" duration-ms="0" status="PASS">
          <params>
            <param index="0">
              <value>
                <![CDATA[Admin]]>
              </value>
            </param>
            <param index="1">
              <value>
                <![CDATA[admin123]]>
              </value>
            </param>
          </params>
          <reporter-output>
          </reporter-output>
        </test-method> <!-- loginIntoApplication -->
        <test-method signature="testCase3(java.lang.String,java.lang.String)[pri:-1, instance:testng.framework.concepts.AppCommons@510f3d34]" started-at="2025-12-31T08:57:13 IST" name="testCase3" data-provider="test3Data" finished-at="2025-12-31T08:57:13 IST" duration-ms="2" status="PASS">
          <params>
            <param index="0">
              <value>
                <![CDATA[Invalid-Name]]>
              </value>
            </param>
            <param index="1">
              <value>
                <![CDATA[Invalid123]]>
              </value>
            </param>
          </params>
          <reporter-output>
          </reporter-output>
        </test-method> <!-- testCase3 -->
        <test-method is-config="true" signature="verifyApplicationHomePage()[pri:0, instance:testng.framework.concepts.AppCommons@510f3d34]" started-at="2025-12-31T08:57:13 IST" name="verifyApplicationHomePage" finished-at="2025-12-31T08:57:13 IST" depends-on-methods="testng.framework.concepts.AppCommons.loginIntoApplication" duration-ms="0" status="PASS">
          <reporter-output>
          </reporter-output>
        </test-method> <!-- verifyApplicationHomePage -->
        <test-method is-config="true" signature="logoutFromApplication()[pri:0, instance:testng.framework.concepts.AppCommons@510f3d34]" started-at="2025-12-31T08:57:13 IST" name="logoutFromApplication" finished-at="2025-12-31T08:57:13 IST" duration-ms="0" status="PASS">
          <reporter-output>
          </reporter-output>
        </test-method> <!-- logoutFromApplication -->
        <test-method is-config="true" signature="closeApplication()[pri:0, instance:testng.framework.concepts.AppCommons@510f3d34]" started-at="2025-12-31T08:57:13 IST" name="closeApplication" finished-at="2025-12-31T08:57:13 IST" depends-on-methods="testng.framework.concepts.AppCommons.logoutFromApplication" duration-ms="0" status="PASS">
          <reporter-output>
          </reporter-output>
        </test-method> <!-- closeApplication -->
        <test-method is-config="true" signature="closeBrowser()[pri:0, instance:testng.framework.concepts.AppCommons@510f3d34]" started-at="2025-12-31T08:57:13 IST" name="closeBrowser" finished-at="2025-12-31T08:57:13 IST" depends-on-methods="closeApplication" duration-ms="0" status="PASS">
          <reporter-output>
          </reporter-output>
        </test-method> <!-- closeBrowser -->
        <test-method is-config="true" signature="launchBrowserAndApplication(java.lang.String,java.lang.String)[pri:0, instance:testng.framework.concepts.AppCommons@510f3d34]" started-at="2025-12-31T08:57:13 IST" name="launchBrowserAndApplication" finished-at="2025-12-31T08:57:13 IST" duration-ms="0" status="PASS">
          <params>
            <param index="0">
              <value>
                <![CDATA[Chrome]]>
              </value>
            </param>
            <param index="1">
              <value>
                <![CDATA[www.bharathtechacademy.com]]>
              </value>
            </param>
          </params>
          <reporter-output>
          </reporter-output>
        </test-method> <!-- launchBrowserAndApplication -->
        <test-method is-config="true" signature="verifyApplicationHomePage()[pri:0, instance:testng.framework.concepts.AppCommons@510f3d34]" started-at="2025-12-31T08:57:13 IST" name="verifyApplicationHomePage" finished-at="2025-12-31T08:57:13 IST" depends-on-methods="testng.framework.concepts.AppCommons.loginIntoApplication" duration-ms="1" status="PASS">
          <reporter-output>
          </reporter-output>
        </test-method> <!-- verifyApplicationHomePage -->
        <test-method is-config="true" signature="loginIntoApplication(java.lang.String,java.lang.String)[pri:0, instance:testng.framework.concepts.AppCommons@510f3d34]" started-at="2025-12-31T08:57:13 IST" name="loginIntoApplication" finished-at="2025-12-31T08:57:13 IST" depends-on-methods="testng.framework.concepts.WebCommons.launchBrowserAndApplication" duration-ms="0" status="PASS">
          <params>
            <param index="0">
              <value>
                <![CDATA[Admin]]>
              </value>
            </param>
            <param index="1">
              <value>
                <![CDATA[admin123]]>
              </value>
            </param>
          </params>
          <reporter-output>
          </reporter-output>
        </test-method> <!-- loginIntoApplication -->
        <test-method signature="testCase2()[pri:0, instance:testng.framework.concepts.AppCommons@510f3d34]" started-at="2025-12-31T08:57:13 IST" name="testCase2" finished-at="2025-12-31T08:57:13 IST" duration-ms="2" status="PASS">
          <reporter-output>
          </reporter-output>
        </test-method> <!-- testCase2 -->
        <test-method is-config="true" signature="logoutFromApplication()[pri:0, instance:testng.framework.concepts.AppCommons@510f3d34]" started-at="2025-12-31T08:57:13 IST" name="logoutFromApplication" finished-at="2025-12-31T08:57:13 IST" duration-ms="2" status="PASS">
          <reporter-output>
          </reporter-output>
        </test-method> <!-- logoutFromApplication -->
        <test-method is-config="true" signature="closeBrowser()[pri:0, instance:testng.framework.concepts.AppCommons@510f3d34]" started-at="2025-12-31T08:57:13 IST" name="closeBrowser" finished-at="2025-12-31T08:57:13 IST" depends-on-methods="closeApplication" duration-ms="1" status="PASS">
          <reporter-output>
          </reporter-output>
        </test-method> <!-- closeBrowser -->
        <test-method is-config="true" signature="closeApplication()[pri:0, instance:testng.framework.concepts.AppCommons@510f3d34]" started-at="2025-12-31T08:57:13 IST" name="closeApplication" finished-at="2025-12-31T08:57:13 IST" depends-on-methods="testng.framework.concepts.AppCommons.logoutFromApplication" duration-ms="0" status="PASS">
          <reporter-output>
          </reporter-output>
        </test-method> <!-- closeApplication -->
        <test-method is-config="true" signature="stopReporting()[pri:0, instance:testng.framework.concepts.AppCommons@510f3d34]" started-at="2025-12-31T08:57:13 IST" name="stopReporting" finished-at="2025-12-31T08:57:13 IST" duration-ms="1" status="PASS">
          <reporter-output>
          </reporter-output>
        </test-method> <!-- stopReporting -->
      </class> <!-- testng.framework.concepts.AppCommons -->
    </test> <!-- Test -->
  </suite> <!-- Suite -->
</testng-results>
