<?xml version="1.0" encoding="UTF-8"?>
<!-- Generated by org.testng.reporters.JUnitReportReporter -->
<testsuite hostname="Bharath" failures="0" tests="4" name="testng.framework.concepts.AppCommons" time="0.029" errors="0" timestamp="2025-12-31T08:57:14 IST" skipped="1">
  <testcase classname="testng.framework.concepts.AppCommons" name="testCase3" time="0.015"/>
  <testcase classname="testng.framework.concepts.AppCommons" name="testCase3" time="0.003"/>
  <testcase classname="testng.framework.concepts.AppCommons" name="testCase2" time="0.011"/>
  <testcase classname="testng.framework.concepts.AppCommons" name="testCase1">
    <skipped/>
  </testcase> <!-- testCase1 -->
</testsuite> <!-- testng.framework.concepts.AppCommons -->
