<?xml version="1.0" encoding="UTF-8"?>
<!-- Generated by org.testng.reporters.JUnitReportReporter -->
<testsuite hostname="Bharath" failures="1" tests="11" name="testng.framework.concepts.AppCommons" time="3.089" errors="1" timestamp="2026-01-01T09:13:24 IST" skipped="3">
  <testcase classname="testng.framework.concepts.AppCommons" name="testCase4" time="0.003">
    <skipped/>
  </testcase> <!-- testCase4 -->
  <testcase classname="testng.framework.concepts.AppCommons" name="testCase3" time="0.015"/>
  <testcase classname="testng.framework.concepts.AppCommons" name="testCase3" time="0.010"/>
  <testcase classname="testng.framework.concepts.AppCommons" name="testCase2" time="0.011"/>
  <testcase classname="testng.framework.concepts.AppCommons" name="testCase1" time="0.004">
    <skipped/>
  </testcase> <!-- testCase1 -->
  <testcase classname="testng.framework.concepts.AppCommons" name="testCase1" time="0.013">
    <skipped/>
  </testcase> <!-- testCase1 -->
  <testcase classname="testng.framework.concepts.AppCommons" name="testCase1" time="0.007">
    <failure message="Test Case 1 is Failed" type="java.lang.AssertionError">
      <![CDATA[java.lang.AssertionError: Test Case 1 is Failed
at org.testng.Assert.fail(Assert.java:111)
at testng.framework.concepts.AppCommons.testCase1(AppCommons.java:36)
at java.base/jdk.internal.reflect.DirectMethodHandleAccessor.invoke(DirectMethodHandleAccessor.java:103)
at java.base/java.lang.reflect.Method.invoke(Method.java:580)
at org.testng.internal.invokers.MethodInvocationHelper.invokeMethod(MethodInvocationHelper.java:141)
at org.testng.internal.invokers.TestInvoker.invokeMethod(TestInvoker.java:687)
at org.testng.internal.invokers.TestInvoker.retryFailed(TestInvoker.java:269)
at org.testng.internal.invokers.MethodRunner.runInSequence(MethodRunner.java:76)
at org.testng.internal.invokers.TestInvoker$MethodInvocationAgent.invoke(TestInvoker.java:995)
at org.testng.internal.invokers.TestInvoker.invokeTestMethods(TestInvoker.java:203)
at org.testng.internal.invokers.TestMethodWorker.invokeTestMethods(TestMethodWorker.java:154)
at org.testng.internal.invokers.TestMethodWorker.run(TestMethodWorker.java:134)
at java.base/java.util.ArrayList.forEach(ArrayList.java:1596)
at org.testng.TestRunner.privateRun(TestRunner.java:741)
at org.testng.TestRunner.run(TestRunner.java:616)
at org.testng.SuiteRunner.runTest(SuiteRunner.java:421)
at org.testng.SuiteRunner.runSequentially(SuiteRunner.java:413)
at org.testng.SuiteRunner.privateRun(SuiteRunner.java:373)
at org.testng.SuiteRunner.run(SuiteRunner.java:312)
at org.testng.SuiteRunnerWorker.runSuite(SuiteRunnerWorker.java:52)
at org.testng.SuiteRunnerWorker.run(SuiteRunnerWorker.java:95)
at org.testng.TestNG.runSuitesSequentially(TestNG.java:1274)
at org.testng.TestNG.runSuitesLocally(TestNG.java:1208)
at org.testng.TestNG.runSuites(TestNG.java:1112)
at org.testng.TestNG.run(TestNG.java:1079)
at org.testng.remote.AbstractRemoteTestNG.run(AbstractRemoteTestNG.java:115)
at org.testng.remote.RemoteTestNG.initAndRun(RemoteTestNG.java:293)
at org.testng.remote.RemoteTestNG.main(RemoteTestNG.java:91)
]]>
    </failure>
  </testcase> <!-- testCase1 -->
  <testcase classname="testng.framework.concepts.AppCommons" name="testCase5" time="0.009"/>
  <testcase classname="testng.framework.concepts.AppCommons" name="testCase5" time="0.003"/>
  <testcase classname="testng.framework.concepts.AppCommons" name="testCase5" time="0.005"/>
  <testcase classname="testng.framework.concepts.AppCommons" name="testCase6" time="3.009">
    <error message="Method testng.framework.concepts.AppCommons.testCase6() didn&#039;t finish within the time-out 3000" type="org.testng.internal.thread.ThreadTimeoutException">
      <![CDATA[org.testng.internal.thread.ThreadTimeoutException: Method testng.framework.concepts.AppCommons.testCase6() didn't finish within the time-out 3000
at java.base/java.lang.Thread.sleep0(Native Method)
at java.base/java.lang.Thread.sleep(Thread.java:509)
at testng.framework.concepts.AppCommons.testCase6(AppCommons.java:64)
at java.base/jdk.internal.reflect.DirectMethodHandleAccessor.invoke(DirectMethodHandleAccessor.java:103)
at java.base/java.lang.reflect.Method.invoke(Method.java:580)
at org.testng.internal.invokers.MethodInvocationHelper.invokeMethod(MethodInvocationHelper.java:141)
at org.testng.internal.invokers.InvokeMethodRunnable.runOne(InvokeMethodRunnable.java:47)
at org.testng.internal.invokers.InvokeMethodRunnable.call(InvokeMethodRunnable.java:76)
at org.testng.internal.invokers.InvokeMethodRunnable.call(InvokeMethodRunnable.java:11)
at java.base/java.util.concurrent.FutureTask.run(FutureTask.java:317)
at java.base/java.util.concurrent.ThreadPoolExecutor.runWorker(ThreadPoolExecutor.java:1144)
at java.base/java.util.concurrent.ThreadPoolExecutor$Worker.run(ThreadPoolExecutor.java:642)
at java.base/java.lang.Thread.run(Thread.java:1583)
]]>
    </error>
  </testcase> <!-- testCase6 -->
</testsuite> <!-- testng.framework.concepts.AppCommons -->
